[2026-07-10 12:20:30] [INFO] LOG: Main method entered
[2026-07-10 12:20:31] [INFO] LOG: Look and Feel set successfully
[2026-07-10 12:20:31] [INFO] LOG: Initializing SalarySlipGenerator frame
[2026-07-10 12:20:32] [INFO] LOG: Frame initialized, setting row sorter
[2026-07-10 12:20:32] [INFO] LOG: Sorter set, setting frame visible
[2026-07-10 12:20:32] [INFO] LOG: Frame set visible, starting update check
[2026-07-10 12:20:32] [INFO] Starting update check. Current build version: 9.9.9
[2026-07-10 12:20:32] [INFO] LOG: Update check started
[2026-07-10 12:20:32] [INFO] Update engine background thread spawned successfully.
[2026-07-10 12:20:32] [INFO] Scanning local update cache directory: C:\Users\AACHAL\AppData\Local\SalarySlipGenerator\updates
[2026-07-10 12:20:32] [INFO] Found cached update package file metadata version: 1.0.3
[2026-07-10 12:20:32] [INFO] Cached version [1.0.3] is not newer than currently active version [9.9.9]. Skipping hot-swap apply.
[2026-07-10 12:20:32] [INFO] Querying GitHub Release Distribution API Endpoint: https://api.github.com/repos/suryawanshi-dipak/Salary-slip-generator-and-mailer/releases/latest
[2026-07-10 12:20:35] [INFO] Latest published release tag from GitHub: v1.0.3
[2026-07-10 12:20:35] [INFO] Current version [9.9.9] is up-to-date with latest release [1.0.3].
[2026-07-10 12:52:39] [INFO] Starting CSV parsing for file: C:\Users\AACHAL\Downloads\samplepayroll.csv
[2026-07-10 12:52:39] [INFO] Finished parsing CSV file: C:\Users\AACHAL\Downloads\samplepayroll.csv. Loaded 5 rows successfully. Validation errors found: 0
[2026-07-10 12:52:55] [INFO] Starting PDF generation for filename: EMP001_Jul-26.pdf
[2026-07-10 12:52:55] [INFO] Generating PDF salary slip for employee ID: EMP001, month: Jul-26
[2026-07-10 12:52:55] [WARN] Could not parse DOJ: Software Engineer for employee ID: EMP001
[2026-07-10 12:52:55] [INFO] Successfully generated PDF salary slip for employee ID: EMP001 at C:\Users\AACHAL\SalarySlips\Jul-26\EMP001_Jul-26.pdf
[2026-07-10 12:52:55] [INFO] Starting PDF generation for filename: EMP002_Jul-26.pdf
[2026-07-10 12:52:55] [INFO] Generating PDF salary slip for employee ID: EMP002, month: Jul-26
[2026-07-10 12:52:55] [WARN] Could not parse DOJ: HR Executive for employee ID: EMP002
[2026-07-10 12:52:55] [INFO] Successfully generated PDF salary slip for employee ID: EMP002 at C:\Users\AACHAL\SalarySlips\Jul-26\EMP002_Jul-26.pdf
[2026-07-10 12:52:55] [INFO] Starting PDF generation for filename: EMP003_Jul-26.pdf
[2026-07-10 12:52:55] [INFO] Generating PDF salary slip for employee ID: EMP003, month: Jul-26
[2026-07-10 12:52:55] [WARN] Could not parse DOJ: QA Engineer for employee ID: EMP003
[2026-07-10 12:52:55] [INFO] Successfully generated PDF salary slip for employee ID: EMP003 at C:\Users\AACHAL\SalarySlips\Jul-26\EMP003_Jul-26.pdf
[2026-07-10 12:52:55] [INFO] Starting PDF generation for filename: EMP004_Jul-26.pdf
[2026-07-10 12:52:55] [INFO] Generating PDF salary slip for employee ID: EMP004, month: Jul-26
[2026-07-10 12:52:55] [WARN] Could not parse DOJ: UI Developer for employee ID: EMP004
[2026-07-10 12:52:55] [INFO] Successfully generated PDF salary slip for employee ID: EMP004 at C:\Users\AACHAL\SalarySlips\Jul-26\EMP004_Jul-26.pdf
[2026-07-10 12:52:55] [INFO] Starting PDF generation for filename: EMP005_Jul-26.pdf
[2026-07-10 12:52:55] [INFO] Generating PDF salary slip for employee ID: EMP005, month: Jul-26
[2026-07-10 12:52:55] [WARN] Could not parse DOJ: Backend Developer for employee ID: EMP005
[2026-07-10 12:52:55] [INFO] Successfully generated PDF salary slip for employee ID: EMP005 at C:\Users\AACHAL\SalarySlips\Jul-26\EMP005_Jul-26.pdf
